<?xml version="1.0" encoding="UTF-8"?>
<coverage generated="1701289161766" clover="3.2.0">
  <project timestamp="1701289161766" name="All files">
    <metrics statements="23" coveredstatements="20" conditionals="9" coveredconditionals="6" methods="6" coveredmethods="6" elements="38" coveredelements="32" complexity="0" loc="23" ncloc="23" packages="1" files="2" classes="2"/>
    <file name="colors.ts" path="/home/ogil/code/me/wb-figma-theme-gen/src/utils/colors.ts">
      <metrics statements="16" coveredstatements="14" conditionals="8" coveredconditionals="6" methods="4" coveredmethods="4"/>
      <line num="1" count="1" type="stmt"/>
      <line num="2" count="6" type="cond" truecount="2" falsecount="1"/>
      <line num="3" count="0" type="stmt"/>
      <line num="5" count="6" type="stmt"/>
      <line num="6" count="21" type="stmt"/>
      <line num="7" count="21" type="stmt"/>
      <line num="10" count="6" type="stmt"/>
      <line num="13" count="1" type="stmt"/>
      <line num="14" count="6" type="cond" truecount="2" falsecount="1"/>
      <line num="15" count="0" type="stmt"/>
      <line num="18" count="6" type="stmt"/>
      <line num="21" count="6" type="stmt"/>
      <line num="22" count="21" type="cond" truecount="2" falsecount="0"/>
      <line num="23" count="18" type="stmt"/>
      <line num="25" count="3" type="stmt"/>
      <line num="29" count="6" type="stmt"/>
    </file>
    <file name="text.ts" path="/home/ogil/code/me/wb-figma-theme-gen/src/utils/text.ts">
      <metrics statements="7" coveredstatements="6" conditionals="1" coveredconditionals="0" methods="2" coveredmethods="2"/>
      <line num="1" count="1" type="stmt"/>
      <line num="2" count="3" type="stmt"/>
      <line num="3" count="1" type="stmt"/>
      <line num="6" count="3" type="cond" truecount="0" falsecount="1"/>
      <line num="7" count="0" type="stmt"/>
      <line num="10" count="3" type="stmt"/>
      <line num="11" count="3" type="stmt"/>
    </file>
  </project>
</coverage>
