{"/home/ogil/code/me/wb-figma-theme-gen/src/utils/colors.ts": {"path":"/home/ogil/code/me/wb-figma-theme-gen/src/utils/colors.ts","statementMap":{"0":{"start":{"line":2,"column":4},"end":{"line":4,"column":6}},"1":{"start":{"line":3,"column":8},"end":{"line":3,"column":null}},"2":{"start":{"line":5,"column":19},"end":{"line":8,"column":6}},"3":{"start":{"line":6,"column":20},"end":{"line":6,"column":68}},"4":{"start":{"line":7,"column":8},"end":{"line":7,"column":36}},"5":{"start":{"line":10,"column":4},"end":{"line":10,"column":33}},"6":{"start":{"line":1,"column":0},"end":{"line":1,"column":16}},"7":{"start":{"line":14,"column":4},"end":{"line":16,"column":6}},"8":{"start":{"line":15,"column":8},"end":{"line":15,"column":null}},"9":{"start":{"line":18,"column":19},"end":{"line":18,"column":21}},"10":{"start":{"line":21,"column":4},"end":{"line":27,"column":null}},"11":{"start":{"line":22,"column":8},"end":{"line":26,"column":null}},"12":{"start":{"line":23,"column":12},"end":{"line":23,"column":49}},"13":{"start":{"line":25,"column":12},"end":{"line":25,"column":29}},"14":{"start":{"line":29,"column":4},"end":{"line":29,"column":75}},"15":{"start":{"line":13,"column":0},"end":{"line":13,"column":16}}},"fnMap":{"0":{"name":"convertFigmaColorToHEXColor","decl":{"start":{"line":1,"column":16},"end":{"line":1,"column":43}},"loc":{"start":{"line":1,"column":67},"end":{"line":11,"column":1}}},"1":{"name":"(anonymous_1)","decl":{"start":{"line":5,"column":49},"end":{"line":5,"column":50}},"loc":{"start":{"line":5,"column":62},"end":{"line":8,"column":5}}},"2":{"name":"convertFigmaColorToRGBColor","decl":{"start":{"line":13,"column":16},"end":{"line":13,"column":43}},"loc":{"start":{"line":13,"column":67},"end":{"line":30,"column":1}}},"3":{"name":"(anonymous_3)","decl":{"start":{"line":21,"column":26},"end":{"line":21,"column":27}},"loc":{"start":{"line":21,"column":41},"end":{"line":27,"column":5}}}},"branchMap":{"0":{"loc":{"start":{"line":2,"column":4},"end":{"line":4,"column":6}},"type":"if","locations":[{"start":{"line":2,"column":4},"end":{"line":4,"column":6}}]},"1":{"loc":{"start":{"line":2,"column":8},"end":{"line":2,"column":60}},"type":"binary-expr","locations":[{"start":{"line":2,"column":8},"end":{"line":2,"column":32}},{"start":{"line":2,"column":36},"end":{"line":2,"column":60}}]},"2":{"loc":{"start":{"line":14,"column":4},"end":{"line":16,"column":6}},"type":"if","locations":[{"start":{"line":14,"column":4},"end":{"line":16,"column":6}}]},"3":{"loc":{"start":{"line":14,"column":8},"end":{"line":14,"column":60}},"type":"binary-expr","locations":[{"start":{"line":14,"column":8},"end":{"line":14,"column":32}},{"start":{"line":14,"column":36},"end":{"line":14,"column":60}}]},"4":{"loc":{"start":{"line":22,"column":8},"end":{"line":26,"column":null}},"type":"if","locations":[{"start":{"line":22,"column":8},"end":{"line":26,"column":null}},{"start":{"line":24,"column":15},"end":{"line":26,"column":null}}]}},"s":{"0":6,"1":0,"2":6,"3":21,"4":21,"5":6,"6":1,"7":6,"8":0,"9":6,"10":6,"11":21,"12":18,"13":3,"14":6,"15":1},"f":{"0":6,"1":21,"2":6,"3":21},"b":{"0":[0],"1":[6,6],"2":[0],"3":[6,6],"4":[18,3]}}
,"/home/ogil/code/me/wb-figma-theme-gen/src/utils/text.ts": {"path":"/home/ogil/code/me/wb-figma-theme-gen/src/utils/text.ts","statementMap":{"0":{"start":{"line":2,"column":17},"end":{"line":4,"column":23}},"1":{"start":{"line":3,"column":33},"end":{"line":3,"column":48}},"2":{"start":{"line":6,"column":4},"end":{"line":8,"column":null}},"3":{"start":{"line":7,"column":4},"end":{"line":7,"column":26}},"4":{"start":{"line":10,"column":4},"end":{"line":10,"column":62}},"5":{"start":{"line":11,"column":4},"end":{"line":11,"column":18}},"6":{"start":{"line":1,"column":0},"end":{"line":1,"column":16}}},"fnMap":{"0":{"name":"normalizePropName","decl":{"start":{"line":1,"column":16},"end":{"line":1,"column":33}},"loc":{"start":{"line":1,"column":45},"end":{"line":12,"column":1}}},"1":{"name":"(anonymous_1)","decl":{"start":{"line":3,"column":23},"end":{"line":3,"column":24}},"loc":{"start":{"line":3,"column":33},"end":{"line":3,"column":48}}}},"branchMap":{"0":{"loc":{"start":{"line":6,"column":4},"end":{"line":8,"column":null}},"type":"if","locations":[{"start":{"line":6,"column":4},"end":{"line":8,"column":null}}]}},"s":{"0":3,"1":1,"2":3,"3":0,"4":3,"5":3,"6":1},"f":{"0":3,"1":1},"b":{"0":[0]}}
}
