TN:
SF:src/utils/colors.ts
FN:1,convertFigmaColorToHEXColor
FN:5,(anonymous_1)
FN:13,convertFigmaColorToRGBColor
FN:21,(anonymous_3)
FNF:4
FNH:4
FNDA:6,convertFigmaColorToHEXColor
FNDA:21,(anonymous_1)
FNDA:6,convertFigmaColorToRGBColor
FNDA:21,(anonymous_3)
DA:1,1
DA:2,6
DA:3,0
DA:5,6
DA:6,21
DA:7,21
DA:10,6
DA:13,1
DA:14,6
DA:15,0
DA:18,6
DA:21,6
DA:22,21
DA:23,18
DA:25,3
DA:29,6
LF:16
LH:14
BRDA:2,0,0,0
BRDA:2,1,0,6
BRDA:2,1,1,6
BRDA:14,2,0,0
BRDA:14,3,0,6
BRDA:14,3,1,6
BRDA:22,4,0,18
BRDA:22,4,1,3
BRF:8
BRH:6
end_of_record
TN:
SF:src/utils/text.ts
FN:1,normalizePropName
FN:3,(anonymous_1)
FNF:2
FNH:2
FNDA:3,normalizePropName
FNDA:1,(anonymous_1)
DA:1,1
DA:2,3
DA:3,1
DA:6,3
DA:7,0
DA:10,3
DA:11,3
LF:7
LH:6
BRDA:6,0,0,0
BRF:1
BRH:0
end_of_record
